<?xml version="1.0" encoding="UTF-8"?>
<testsuite name="ReqresAgain" tests="1" skipped="0" failures="1" errors="0" timestamp="2025-03-12T11:47:35" hostname="MacBook-Pro.local" time="1.893">
  <properties/>
  <testcase name="createUsers" classname="ReqresAgain" time="1.893">
    <failure message="java.lang.AssertionError: Incorrect total users count expected [5] but found [12]" type="java.lang.AssertionError">java.lang.AssertionError: Incorrect total users count expected [5] but found [12]
	at org.testng.Assert.fail(Assert.java:97)
	at org.testng.Assert.assertEqualsImpl(Assert.java:136)
	at org.testng.Assert.assertEquals(Assert.java:118)
	at org.testng.Assert.assertEquals(Assert.java:839)
	at ReqresAgain.getUsers(ReqresAgain.java:48)
	at ReqresAgain.createUsers(ReqresAgain.java:66)
	at java.base/jdk.internal.reflect.NativeMethodAccessorImpl.invoke0(Native Method)
	at java.base/jdk.internal.reflect.NativeMethodAccessorImpl.invoke(NativeMethodAccessorImpl.java:77)
	at java.base/jdk.internal.reflect.DelegatingMethodAccessorImpl.invoke(DelegatingMethodAccessorImpl.java:43)
	at java.base/java.lang.reflect.Method.invoke(Method.java:569)
	at org.testng.internal.MethodInvocationHelper.invokeMethod(MethodInvocationHelper.java:134)
	at org.testng.internal.TestInvoker.invokeMethod(TestInvoker.java:597)
	at org.testng.internal.TestInvoker.invokeTestMethod(TestInvoker.java:173)
	at org.testng.internal.MethodRunner.runInSequence(MethodRunner.java:46)
	at org.testng.internal.TestInvoker$MethodInvocationAgent.invoke(TestInvoker.java:816)
	at org.testng.internal.TestInvoker.invokeTestMethods(TestInvoker.java:146)
	at org.testng.internal.TestMethodWorker.invokeTestMethods(TestMethodWorker.java:146)
	at org.testng.internal.TestMethodWorker.run(TestMethodWorker.java:128)
	at java.base/java.util.ArrayList.forEach(ArrayList.java:1511)
	at org.testng.TestRunner.privateRun(TestRunner.java:766)
	at org.testng.TestRunner.run(TestRunner.java:587)
	at org.testng.SuiteRunner.runTest(SuiteRunner.java:384)
	at org.testng.SuiteRunner.runSequentially(SuiteRunner.java:378)
	at org.testng.SuiteRunner.privateRun(SuiteRunner.java:337)
	at org.testng.SuiteRunner.run(SuiteRunner.java:286)
	at org.testng.SuiteRunnerWorker.runSuite(SuiteRunnerWorker.java:53)
	at org.testng.SuiteRunnerWorker.run(SuiteRunnerWorker.java:96)
	at org.testng.TestNG.runSuitesSequentially(TestNG.java:1187)
	at org.testng.TestNG.runSuitesLocally(TestNG.java:1109)
	at org.testng.TestNG.runSuites(TestNG.java:1039)
	at org.testng.TestNG.run(TestNG.java:1007)
	at org.gradle.api.internal.tasks.testing.testng.TestNGTestClassProcessor.runTests(TestNGTestClassProcessor.java:141)
	at org.gradle.api.internal.tasks.testing.testng.TestNGTestClassProcessor.stop(TestNGTestClassProcessor.java:90)
	at org.gradle.api.internal.tasks.testing.SuiteTestClassProcessor.stop(SuiteTestClassProcessor.java:61)
	at java.base/jdk.internal.reflect.NativeMethodAccessorImpl.invoke0(Native Method)
	at java.base/jdk.internal.reflect.NativeMethodAccessorImpl.invoke(NativeMethodAccessorImpl.java:77)
	at java.base/jdk.internal.reflect.DelegatingMethodAccessorImpl.invoke(DelegatingMethodAccessorImpl.java:43)
	at java.base/java.lang.reflect.Method.invoke(Method.java:569)
	at org.gradle.internal.dispatch.ReflectionDispatch.dispatch(ReflectionDispatch.java:36)
	at org.gradle.internal.dispatch.ReflectionDispatch.dispatch(ReflectionDispatch.java:24)
	at org.gradle.internal.dispatch.ContextClassLoaderDispatch.dispatch(ContextClassLoaderDispatch.java:33)
	at org.gradle.internal.dispatch.ProxyDispatchAdapter$DispatchingInvocationHandler.invoke(ProxyDispatchAdapter.java:94)
	at jdk.proxy1/jdk.proxy1.$Proxy2.stop(Unknown Source)
	at org.gradle.api.internal.tasks.testing.worker.TestWorker$3.run(TestWorker.java:193)
	at org.gradle.api.internal.tasks.testing.worker.TestWorker.executeAndMaintainThreadName(TestWorker.java:129)
	at org.gradle.api.internal.tasks.testing.worker.TestWorker.execute(TestWorker.java:100)
	at org.gradle.api.internal.tasks.testing.worker.TestWorker.execute(TestWorker.java:60)
	at org.gradle.process.internal.worker.child.ActionExecutionWorker.execute(ActionExecutionWorker.java:56)
	at org.gradle.process.internal.worker.child.SystemApplicationClassLoaderWorker.call(SystemApplicationClassLoaderWorker.java:133)
	at org.gradle.process.internal.worker.child.SystemApplicationClassLoaderWorker.call(SystemApplicationClassLoaderWorker.java:71)
	at worker.org.gradle.process.internal.worker.GradleWorkerMain.run(GradleWorkerMain.java:69)
	at worker.org.gradle.process.internal.worker.GradleWorkerMain.main(GradleWorkerMain.java:74)
</failure>
  </testcase>
  <system-out><![CDATA[Request method:	POST
Request URI:	https://reqres.in/api/users
Proxy:			<none>
Request params:	<none>
Query params:	<none>
Form params:	<none>
Path params:	<none>
Headers:		accept=application/json
				Content-Type=application/json
Cookies:		<none>
Multiparts:		<none>
Body:
{
    "name": "Ganesh",
    "job": "QA"
}
HTTP/1.1 201 Created
Date: Wed, 12 Mar 2025 11:47:37 GMT
Content-Type: application/json; charset=utf-8
Content-Length: 78
Connection: keep-alive
Report-To: {"group":"heroku-nel","max_age":3600,"endpoints":[{"url":"https://nel.heroku.com/reports?ts=1741780057&sid=c4c9725f-1ab0-44d8-820f-430df2718e11&s=aelObTGhSXiUveLKwONJT6YZ40%2Fpu4LF3dsBDVe2%2Fuc%3D"}]}
Reporting-Endpoints: heroku-nel=https://nel.heroku.com/reports?ts=1741780057&sid=c4c9725f-1ab0-44d8-820f-430df2718e11&s=aelObTGhSXiUveLKwONJT6YZ40%2Fpu4LF3dsBDVe2%2Fuc%3D
Nel: {"report_to":"heroku-nel","max_age":3600,"success_fraction":0.005,"failure_fraction":0.05,"response_headers":["Via"]}
X-Powered-By: Express
Access-Control-Allow-Origin: *
Etag: W/"4e-8mV1yb4VNmeihcl111rtZGE8b8U"
Via: 1.1 vegur
cf-cache-status: DYNAMIC
Server: cloudflare
CF-RAY: 91f30ecbca527e6f-MAA
server-timing: cfL4;desc="?proto=TCP&rtt=9106&min_rtt=8941&rtt_var=3683&sent=6&recv=6&lost=0&retrans=0&sent_bytes=3108&recv_bytes=851&delivery_rate=423226&cwnd=246&unsent_bytes=0&cid=e49c6f6a3714d5dd&ts=393&x=0"

{
    "name": "Ganesh",
    "job": "QA",
    "id": "466",
    "createdAt": "2025-03-12T11:47:37.167Z"
}
Request method:	GET
Request URI:	https://reqres.in/api/users?page=1
Proxy:			<none>
Request params:	page=1
Query params:	<none>
Form params:	<none>
Path params:	<none>
Headers:		accept=application/json
				Content-Type=application/json
Cookies:		<none>
Multiparts:		<none>
Body:			<none>
HTTP/1.1 200 OK
Date: Wed, 12 Mar 2025 11:47:37 GMT
Content-Type: application/json; charset=utf-8
Transfer-Encoding: chunked
Connection: keep-alive
Report-To: {"group":"heroku-nel","max_age":3600,"endpoints":[{"url":"https://nel.heroku.com/reports?ts=1741770867&sid=c4c9725f-1ab0-44d8-820f-430df2718e11&s=9U%2By8iZiY71FrbdQQBAI9JF7ApT4E1eaI4mz8cgeOWg%3D"}]}
Reporting-Endpoints: heroku-nel=https://nel.heroku.com/reports?ts=1741770867&sid=c4c9725f-1ab0-44d8-820f-430df2718e11&s=9U%2By8iZiY71FrbdQQBAI9JF7ApT4E1eaI4mz8cgeOWg%3D
Nel: {"report_to":"heroku-nel","max_age":3600,"success_fraction":0.005,"failure_fraction":0.05,"response_headers":["Via"]}
X-Powered-By: Express
Access-Control-Allow-Origin: *
Etag: W/"41e-bY3U72nulxuwNd/TmihMEHjLmek"
Via: 1.1 vegur
Cache-Control: max-age=14400
CF-Cache-Status: HIT
Age: 1884
Vary: Accept-Encoding
Server: cloudflare
CF-RAY: 91f30ecec8857fd7-MAA
Content-Encoding: gzip
server-timing: cfL4;desc="?proto=TCP&rtt=9073&min_rtt=8745&rtt_var=3513&sent=3&recv=6&lost=0&retrans=0&sent_bytes=219&recv_bytes=1064&delivery_rate=165580&cwnd=238&unsent_bytes=0&cid=7853cfd696474565&ts=26&x=0"

{
    "page": 1,
    "per_page": 6,
    "total": 12,
    "total_pages": 2,
    "data": [
        {
            "id": 1,
            "email": "george.bluth@reqres.in",
            "first_name": "George",
            "last_name": "Bluth",
            "avatar": "https://reqres.in/img/faces/1-image.jpg"
        },
        {
            "id": 2,
            "email": "janet.weaver@reqres.in",
            "first_name": "Janet",
            "last_name": "Weaver",
            "avatar": "https://reqres.in/img/faces/2-image.jpg"
        },
        {
            "id": 3,
            "email": "emma.wong@reqres.in",
            "first_name": "Emma",
            "last_name": "Wong",
            "avatar": "https://reqres.in/img/faces/3-image.jpg"
        },
        {
            "id": 4,
            "email": "eve.holt@reqres.in",
            "first_name": "Eve",
            "last_name": "Holt",
            "avatar": "https://reqres.in/img/faces/4-image.jpg"
        },
        {
            "id": 5,
            "email": "charles.morris@reqres.in",
            "first_name": "Charles",
            "last_name": "Morris",
            "avatar": "https://reqres.in/img/faces/5-image.jpg"
        },
        {
            "id": 6,
            "email": "tracey.ramos@reqres.in",
            "first_name": "Tracey",
            "last_name": "Ramos",
            "avatar": "https://reqres.in/img/faces/6-image.jpg"
        }
    ],
    "support": {
        "url": "https://contentcaddy.io?utm_source=reqres&utm_medium=json&utm_campaign=referral",
        "text": "Tired of writing endless social media content? Let Content Caddy generate it for you."
    }
}
[{id=1, email=george.bluth@reqres.in, first_name=George, last_name=Bluth, avatar=https://reqres.in/img/faces/1-image.jpg}, {id=2, email=janet.weaver@reqres.in, first_name=Janet, last_name=Weaver, avatar=https://reqres.in/img/faces/2-image.jpg}, {id=3, email=emma.wong@reqres.in, first_name=Emma, last_name=Wong, avatar=https://reqres.in/img/faces/3-image.jpg}, {id=4, email=eve.holt@reqres.in, first_name=Eve, last_name=Holt, avatar=https://reqres.in/img/faces/4-image.jpg}, {id=5, email=charles.morris@reqres.in, first_name=Charles, last_name=Morris, avatar=https://reqres.in/img/faces/5-image.jpg}, {id=6, email=tracey.ramos@reqres.in, first_name=Tracey, last_name=Ramos, avatar=https://reqres.in/img/faces/6-image.jpg}]
Request method:	GET
Request URI:	https://reqres.in/api/users?page=2
Proxy:			<none>
Request params:	page=2
Query params:	<none>
Form params:	<none>
Path params:	<none>
Headers:		accept=application/json
				Content-Type=application/json
Cookies:		<none>
Multiparts:		<none>
Body:			<none>
HTTP/1.1 200 OK
Date: Wed, 12 Mar 2025 11:47:37 GMT
Content-Type: application/json; charset=utf-8
Transfer-Encoding: chunked
Connection: keep-alive
Report-To: {"group":"heroku-nel","max_age":3600,"endpoints":[{"url":"https://nel.heroku.com/reports?ts=1741774979&sid=c4c9725f-1ab0-44d8-820f-430df2718e11&s=XJEaLDuBOHnvV88%2F8vwJ28fenC1QDtbI5FWm1Q34xMc%3D"}]}
Reporting-Endpoints: heroku-nel=https://nel.heroku.com/reports?ts=1741774979&sid=c4c9725f-1ab0-44d8-820f-430df2718e11&s=XJEaLDuBOHnvV88%2F8vwJ28fenC1QDtbI5FWm1Q34xMc%3D
Nel: {"report_to":"heroku-nel","max_age":3600,"success_fraction":0.005,"failure_fraction":0.05,"response_headers":["Via"]}
X-Powered-By: Express
Access-Control-Allow-Origin: *
Etag: W/"440-ZjsmMKR8P3usr2uJZbOCGCxC3Uw"
Via: 1.1 vegur
Cache-Control: max-age=14400
CF-Cache-Status: HIT
Age: 5078
Vary: Accept-Encoding
Server: cloudflare
CF-RAY: 91f30ed1c9037f1f-MAA
Content-Encoding: gzip
server-timing: cfL4;desc="?proto=TCP&rtt=9071&min_rtt=8840&rtt_var=3778&sent=3&recv=6&lost=0&retrans=0&sent_bytes=219&recv_bytes=1064&delivery_rate=135390&cwnd=250&unsent_bytes=0&cid=d0962377643f4251&ts=27&x=0"

{
    "page": 2,
    "per_page": 6,
    "total": 12,
    "total_pages": 2,
    "data": [
        {
            "id": 7,
            "email": "michael.lawson@reqres.in",
            "first_name": "Michael",
            "last_name": "Lawson",
            "avatar": "https://reqres.in/img/faces/7-image.jpg"
        },
        {
            "id": 8,
            "email": "lindsay.ferguson@reqres.in",
            "first_name": "Lindsay",
            "last_name": "Ferguson",
            "avatar": "https://reqres.in/img/faces/8-image.jpg"
        },
        {
            "id": 9,
            "email": "tobias.funke@reqres.in",
            "first_name": "Tobias",
            "last_name": "Funke",
            "avatar": "https://reqres.in/img/faces/9-image.jpg"
        },
        {
            "id": 10,
            "email": "byron.fields@reqres.in",
            "first_name": "Byron",
            "last_name": "Fields",
            "avatar": "https://reqres.in/img/faces/10-image.jpg"
        },
        {
            "id": 11,
            "email": "george.edwards@reqres.in",
            "first_name": "George",
            "last_name": "Edwards",
            "avatar": "https://reqres.in/img/faces/11-image.jpg"
        },
        {
            "id": 12,
            "email": "rachel.howell@reqres.in",
            "first_name": "Rachel",
            "last_name": "Howell",
            "avatar": "https://reqres.in/img/faces/12-image.jpg"
        }
    ],
    "support": {
        "url": "https://contentcaddy.io?utm_source=reqres&utm_medium=json&utm_campaign=referral",
        "text": "Tired of writing endless social media content? Let Content Caddy generate it for you."
    }
}
[{id=7, email=michael.lawson@reqres.in, first_name=Michael, last_name=Lawson, avatar=https://reqres.in/img/faces/7-image.jpg}, {id=8, email=lindsay.ferguson@reqres.in, first_name=Lindsay, last_name=Ferguson, avatar=https://reqres.in/img/faces/8-image.jpg}, {id=9, email=tobias.funke@reqres.in, first_name=Tobias, last_name=Funke, avatar=https://reqres.in/img/faces/9-image.jpg}, {id=10, email=byron.fields@reqres.in, first_name=Byron, last_name=Fields, avatar=https://reqres.in/img/faces/10-image.jpg}, {id=11, email=george.edwards@reqres.in, first_name=George, last_name=Edwards, avatar=https://reqres.in/img/faces/11-image.jpg}, {id=12, email=rachel.howell@reqres.in, first_name=Rachel, last_name=Howell, avatar=https://reqres.in/img/faces/12-image.jpg}]
{id=12, email=rachel.howell@reqres.in, first_name=Rachel, last_name=Howell, avatar=https://reqres.in/img/faces/12-image.jpg}
]]></system-out>
  <system-err><![CDATA[]]></system-err>
</testsuite>
